[0.047s] DEBUG:colcon:Command line arguments: ['/usr/bin/colcon', 'build']
[0.047s] DEBUG:colcon:Parsed command line arguments: Namespace(log_base=None, log_level=None, verb_name='build', build_base='build', install_base='install', merge_install=False, symlink_install=False, test_result_base=None, continue_on_error=False, executor='parallel', parallel_workers=4, event_handlers=None, ignore_user_meta=False, metas=['./colcon.meta'], base_paths=['.'], packages_ignore=None, packages_ignore_regex=None, paths=None, packages_up_to=None, packages_up_to_regex=None, packages_above=None, packages_above_and_dependencies=None, packages_above_depth=None, packages_select_by_dep=None, packages_skip_by_dep=None, packages_skip_up_to=None, packages_select_build_failed=False, packages_skip_build_finished=False, packages_select_test_failures=False, packages_skip_test_passed=False, packages_select=None, packages_skip=None, packages_select_regex=None, packages_skip_regex=None, packages_start=None, packages_end=None, allow_overriding=[], cmake_args=None, cmake_target=None, cmake_target_skip_unavailable=False, cmake_clean_cache=False, cmake_clean_first=False, cmake_force_configure=False, ament_cmake_args=None, catkin_cmake_args=None, catkin_skip_building_tests=False, mixin_files=None, mixin=None, verb_parser=<colcon_mixin.mixin.mixin_argument.MixinArgumentDecorator object at 0xffffb1b06440>, verb_extension=<colcon_core.verb.build.BuildVerb object at 0xffffb1b05f90>, main=<bound method BuildVerb.main of <colcon_core.verb.build.BuildVerb object at 0xffffb1b05f90>>, mixin_verb=('build',))
[0.105s] Level 1:colcon.colcon_core.package_discovery:discover_packages(colcon_meta) check parameters
[0.106s] Level 1:colcon.colcon_core.package_discovery:discover_packages(recursive) check parameters
[0.106s] Level 1:colcon.colcon_core.package_discovery:discover_packages(ignore) check parameters
[0.106s] Level 1:colcon.colcon_core.package_discovery:discover_packages(path) check parameters
[0.106s] Level 1:colcon.colcon_core.package_discovery:discover_packages(colcon_meta) discover
[0.106s] Level 1:colcon.colcon_core.package_discovery:discover_packages(recursive) discover
[0.106s] INFO:colcon.colcon_core.package_discovery:Crawling recursively for packages in '/home/adam/Documents/tr-autonomy-2-AdamLevin7/src/opencv_demo'
[0.106s] Level 1:colcon.colcon_core.package_identification:_identify(.) by extensions ['ignore', 'ignore_ament_install']
[0.106s] Level 1:colcon.colcon_core.package_identification:_identify(.) by extension 'ignore'
[0.106s] Level 1:colcon.colcon_core.package_identification:_identify(.) by extension 'ignore_ament_install'
[0.106s] Level 1:colcon.colcon_core.package_identification:_identify(.) by extensions ['colcon_pkg']
[0.106s] Level 1:colcon.colcon_core.package_identification:_identify(.) by extension 'colcon_pkg'
[0.106s] Level 1:colcon.colcon_core.package_identification:_identify(.) by extensions ['colcon_meta']
[0.106s] Level 1:colcon.colcon_core.package_identification:_identify(.) by extension 'colcon_meta'
[0.106s] Level 1:colcon.colcon_core.package_identification:_identify(.) by extensions ['ros']
[0.106s] Level 1:colcon.colcon_core.package_identification:_identify(.) by extension 'ros'
[0.114s] DEBUG:colcon.colcon_core.package_identification:Package '.' with type 'ros.ament_cmake' and name 'opencv_demo'
[0.114s] Level 1:colcon.colcon_core.package_discovery:discover_packages(recursive) using defaults
[0.114s] Level 1:colcon.colcon_core.package_discovery:discover_packages(ignore) discover
[0.114s] Level 1:colcon.colcon_core.package_discovery:discover_packages(ignore) using defaults
[0.114s] Level 1:colcon.colcon_core.package_discovery:discover_packages(path) discover
[0.114s] Level 1:colcon.colcon_core.package_discovery:discover_packages(path) using defaults
[0.125s] Level 1:colcon.colcon_core.package_discovery:discover_packages(prefix_path) check parameters
[0.125s] Level 1:colcon.colcon_core.package_discovery:discover_packages(prefix_path) discover
[0.127s] DEBUG:colcon.colcon_installed_package_information.package_discovery:Found 1 installed packages in /home/adam/Documents/tr-autonomy-2-AdamLevin7/src/opencv_demo/install
[0.127s] Level 1:colcon.colcon_core.package_discovery:discover_packages(prefix_path) using defaults
[0.127s] Level 5:colcon.colcon_core.verb:set package 'opencv_demo' build argument 'cmake_args' from command line to 'None'
[0.127s] Level 5:colcon.colcon_core.verb:set package 'opencv_demo' build argument 'cmake_target' from command line to 'None'
[0.127s] Level 5:colcon.colcon_core.verb:set package 'opencv_demo' build argument 'cmake_target_skip_unavailable' from command line to 'False'
[0.127s] Level 5:colcon.colcon_core.verb:set package 'opencv_demo' build argument 'cmake_clean_cache' from command line to 'False'
[0.128s] Level 5:colcon.colcon_core.verb:set package 'opencv_demo' build argument 'cmake_clean_first' from command line to 'False'
[0.128s] Level 5:colcon.colcon_core.verb:set package 'opencv_demo' build argument 'cmake_force_configure' from command line to 'False'
[0.128s] Level 5:colcon.colcon_core.verb:set package 'opencv_demo' build argument 'ament_cmake_args' from command line to 'None'
[0.128s] Level 5:colcon.colcon_core.verb:set package 'opencv_demo' build argument 'catkin_cmake_args' from command line to 'None'
[0.128s] Level 5:colcon.colcon_core.verb:set package 'opencv_demo' build argument 'catkin_skip_building_tests' from command line to 'False'
[0.128s] DEBUG:colcon.colcon_core.verb:Building package 'opencv_demo' with the following arguments: {'ament_cmake_args': None, 'build_base': '/home/adam/Documents/tr-autonomy-2-AdamLevin7/src/opencv_demo/build/opencv_demo', 'catkin_cmake_args': None, 'catkin_skip_building_tests': False, 'cmake_args': None, 'cmake_clean_cache': False, 'cmake_clean_first': False, 'cmake_force_configure': False, 'cmake_target': None, 'cmake_target_skip_unavailable': False, 'install_base': '/home/adam/Documents/tr-autonomy-2-AdamLevin7/src/opencv_demo/install/opencv_demo', 'merge_install': False, 'path': '/home/adam/Documents/tr-autonomy-2-AdamLevin7/src/opencv_demo', 'symlink_install': False, 'test_result_base': None}
[0.128s] INFO:colcon.colcon_core.executor:Executing jobs using 'parallel' executor
[0.128s] DEBUG:colcon.colcon_parallel_executor.executor.parallel:run_until_complete
[0.129s] INFO:colcon.colcon_ros.task.ament_cmake.build:Building ROS package in '/home/adam/Documents/tr-autonomy-2-AdamLevin7/src/opencv_demo' with build type 'ament_cmake'
[0.129s] INFO:colcon.colcon_cmake.task.cmake.build:Building CMake package in '/home/adam/Documents/tr-autonomy-2-AdamLevin7/src/opencv_demo'
[0.130s] INFO:colcon.colcon_core.plugin_system:Skipping extension 'colcon_core.shell.bat': Not used on non-Windows systems
[0.130s] INFO:colcon.colcon_core.shell:Skip shell extension 'powershell' for command environment: Not usable outside of PowerShell
[0.130s] DEBUG:colcon.colcon_core.shell:Skip shell extension 'dsv' for command environment
[0.135s] DEBUG:colcon.colcon_core.event_handler.log_command:Invoking command in '/home/adam/Documents/tr-autonomy-2-AdamLevin7/src/opencv_demo/build/opencv_demo': /usr/bin/cmake /home/adam/Documents/tr-autonomy-2-AdamLevin7/src/opencv_demo -DCMAKE_INSTALL_PREFIX=/home/adam/Documents/tr-autonomy-2-AdamLevin7/src/opencv_demo/install/opencv_demo
[0.156s] DEBUG:colcon.colcon_core.event_handler.log_command:Invoked command in '/home/adam/Documents/tr-autonomy-2-AdamLevin7/src/opencv_demo/build/opencv_demo' returned '1': /usr/bin/cmake /home/adam/Documents/tr-autonomy-2-AdamLevin7/src/opencv_demo -DCMAKE_INSTALL_PREFIX=/home/adam/Documents/tr-autonomy-2-AdamLevin7/src/opencv_demo/install/opencv_demo
[0.163s] Level 1:colcon.colcon_core.environment:create_environment_scripts_only(opencv_demo)
[0.164s] Level 1:colcon.colcon_core.environment:checking '/home/adam/Documents/tr-autonomy-2-AdamLevin7/src/opencv_demo/install/opencv_demo' for CMake module files
[0.165s] Level 1:colcon.colcon_core.environment:checking '/home/adam/Documents/tr-autonomy-2-AdamLevin7/src/opencv_demo/install/opencv_demo' for CMake config files
[0.165s] Level 1:colcon.colcon_core.environment:checking '/home/adam/Documents/tr-autonomy-2-AdamLevin7/src/opencv_demo/install/opencv_demo/bin'
[0.165s] Level 1:colcon.colcon_core.environment:checking '/home/adam/Documents/tr-autonomy-2-AdamLevin7/src/opencv_demo/install/opencv_demo/lib/pkgconfig/opencv_demo.pc'
[0.167s] Level 1:colcon.colcon_core.environment:checking '/home/adam/Documents/tr-autonomy-2-AdamLevin7/src/opencv_demo/install/opencv_demo/lib/python3.10/site-packages'
[0.167s] Level 1:colcon.colcon_core.environment:checking '/home/adam/Documents/tr-autonomy-2-AdamLevin7/src/opencv_demo/install/opencv_demo/bin'
[0.167s] INFO:colcon.colcon_core.shell:Creating package script '/home/adam/Documents/tr-autonomy-2-AdamLevin7/src/opencv_demo/install/opencv_demo/share/opencv_demo/package.ps1'
[0.168s] INFO:colcon.colcon_core.shell:Creating package descriptor '/home/adam/Documents/tr-autonomy-2-AdamLevin7/src/opencv_demo/install/opencv_demo/share/opencv_demo/package.dsv'
[0.169s] INFO:colcon.colcon_core.shell:Creating package script '/home/adam/Documents/tr-autonomy-2-AdamLevin7/src/opencv_demo/install/opencv_demo/share/opencv_demo/package.sh'
[0.170s] INFO:colcon.colcon_core.shell:Creating package script '/home/adam/Documents/tr-autonomy-2-AdamLevin7/src/opencv_demo/install/opencv_demo/share/opencv_demo/package.bash'
[0.171s] INFO:colcon.colcon_core.shell:Creating package script '/home/adam/Documents/tr-autonomy-2-AdamLevin7/src/opencv_demo/install/opencv_demo/share/opencv_demo/package.zsh'
[0.171s] Level 1:colcon.colcon_core.environment:create_file_with_runtime_dependencies(/home/adam/Documents/tr-autonomy-2-AdamLevin7/src/opencv_demo/install/opencv_demo/share/colcon-core/packages/opencv_demo)
[0.173s] DEBUG:colcon.colcon_parallel_executor.executor.parallel:closing loop
[0.174s] DEBUG:colcon.colcon_parallel_executor.executor.parallel:loop closed
[0.174s] DEBUG:colcon.colcon_parallel_executor.executor.parallel:run_until_complete finished with '1'
[0.174s] DEBUG:colcon.colcon_core.event_reactor:joining thread
[0.178s] INFO:colcon.colcon_core.plugin_system:Skipping extension 'colcon_notification.desktop_notification.terminal_notifier': Not used on non-Darwin systems
[0.178s] INFO:colcon.colcon_core.plugin_system:Skipping extension 'colcon_notification.desktop_notification.win32': Not used on non-Windows systems
[0.178s] INFO:colcon.colcon_notification.desktop_notification:Sending desktop notification using 'notify2'
[0.185s] DEBUG:colcon.colcon_core.event_reactor:joined thread
[0.186s] INFO:colcon.colcon_core.shell:Creating prefix script '/home/adam/Documents/tr-autonomy-2-AdamLevin7/src/opencv_demo/install/local_setup.ps1'
[0.186s] INFO:colcon.colcon_core.shell:Creating prefix util module '/home/adam/Documents/tr-autonomy-2-AdamLevin7/src/opencv_demo/install/_local_setup_util_ps1.py'
[0.187s] INFO:colcon.colcon_core.shell:Creating prefix chain script '/home/adam/Documents/tr-autonomy-2-AdamLevin7/src/opencv_demo/install/setup.ps1'
[0.187s] INFO:colcon.colcon_core.shell:Creating prefix script '/home/adam/Documents/tr-autonomy-2-AdamLevin7/src/opencv_demo/install/local_setup.sh'
[0.188s] INFO:colcon.colcon_core.shell:Creating prefix util module '/home/adam/Documents/tr-autonomy-2-AdamLevin7/src/opencv_demo/install/_local_setup_util_sh.py'
[0.188s] INFO:colcon.colcon_core.shell:Creating prefix chain script '/home/adam/Documents/tr-autonomy-2-AdamLevin7/src/opencv_demo/install/setup.sh'
[0.189s] INFO:colcon.colcon_core.shell:Creating prefix script '/home/adam/Documents/tr-autonomy-2-AdamLevin7/src/opencv_demo/install/local_setup.bash'
[0.189s] INFO:colcon.colcon_core.shell:Creating prefix chain script '/home/adam/Documents/tr-autonomy-2-AdamLevin7/src/opencv_demo/install/setup.bash'
[0.190s] INFO:colcon.colcon_core.shell:Creating prefix script '/home/adam/Documents/tr-autonomy-2-AdamLevin7/src/opencv_demo/install/local_setup.zsh'
[0.190s] INFO:colcon.colcon_core.shell:Creating prefix chain script '/home/adam/Documents/tr-autonomy-2-AdamLevin7/src/opencv_demo/install/setup.zsh'
