[0.004s] Invoking command in '/home/adam/Documents/tr-autonomy-2-AdamLevin7/src/opencv_demo/build/opencv_demo': /usr/bin/cmake /home/adam/Documents/tr-autonomy-2-AdamLevin7/src/opencv_demo -DCMAKE_INSTALL_PREFIX=/home/adam/Documents/tr-autonomy-2-AdamLevin7/src/opencv_demo/install/opencv_demo
[0.110s] -- The C compiler identification is GNU 11.4.0
[0.146s] -- The CXX compiler identification is GNU 11.4.0
[0.153s] -- Detecting C compiler ABI info
[0.186s] -- Detecting C compiler ABI info - done
[0.190s] -- Check for working C compiler: /usr/bin/cc - skipped
[0.190s] -- Detecting C compile features
[0.191s] -- Detecting C compile features - done
[0.193s] -- Detecting CXX compiler ABI info
[0.226s] -- Detecting CXX compiler ABI info - done
[0.229s] -- Check for working CXX compiler: /usr/bin/c++ - skipped
[0.229s] -- Detecting CXX compile features
[0.230s] -- Detecting CXX compile features - done
[0.236s] [31mCMake Error at CMakeLists.txt:9 (find_package):
[0.236s]   By not providing "Findament_cmake.cmake" in CMAKE_MODULE_PATH this project
[0.236s]   has asked CMake to find a package configuration file provided by
[0.236s]   "ament_cmake", but CMake did not find one.
[0.236s] 
[0.236s]   Could not find a package configuration file provided by "ament_cmake" with
[0.236s]   any of the following names:
[0.236s] 
[0.236s]     ament_cmakeConfig.cmake
[0.236s]     ament_cmake-config.cmake
[0.236s] 
[0.236s]   Add the installation prefix of "ament_cmake" to CMAKE_PREFIX_PATH or set
[0.236s]   "ament_cmake_DIR" to a directory containing one of the above files.  If
[0.236s]   "ament_cmake" provides a separate development package or SDK, be sure it
[0.236s]   has been installed.
[0.236s] 
[0.236s] [0m
[0.236s] -- Configuring incomplete, errors occurred!
[0.236s] See also "/home/adam/Documents/tr-autonomy-2-AdamLevin7/src/opencv_demo/build/opencv_demo/CMakeFiles/CMakeOutput.log".
[0.238s] Invoked command in '/home/adam/Documents/tr-autonomy-2-AdamLevin7/src/opencv_demo/build/opencv_demo' returned '1': /usr/bin/cmake /home/adam/Documents/tr-autonomy-2-AdamLevin7/src/opencv_demo -DCMAKE_INSTALL_PREFIX=/home/adam/Documents/tr-autonomy-2-AdamLevin7/src/opencv_demo/install/opencv_demo
