[0.007s] Invoking command in '/home/adam/Documents/tr-autonomy-2-AdamLevin7/src/opencv_demo/build/opencv_demo': /usr/bin/cmake /home/adam/Documents/tr-autonomy-2-AdamLevin7/src/opencv_demo -DCMAKE_INSTALL_PREFIX=/home/adam/Documents/tr-autonomy-2-AdamLevin7/src/opencv_demo/install/opencv_demo
[0.028s] [31mCMake Error at CMakeLists.txt:9 (find_package):
[0.029s]   By not providing "Findament_cmake.cmake" in CMAKE_MODULE_PATH this project
[0.029s]   has asked CMake to find a package configuration file provided by
[0.029s]   "ament_cmake", but CMake did not find one.
[0.029s] 
[0.029s]   Could not find a package configuration file provided by "ament_cmake" with
[0.029s]   any of the following names:
[0.029s] 
[0.029s]     ament_cmakeConfig.cmake
[0.029s]     ament_cmake-config.cmake
[0.029s] 
[0.029s]   Add the installation prefix of "ament_cmake" to CMAKE_PREFIX_PATH or set
[0.029s]   "ament_cmake_DIR" to a directory containing one of the above files.  If
[0.029s]   "ament_cmake" provides a separate development package or SDK, be sure it
[0.029s]   has been installed.
[0.029s] 
[0.029s] [0m
[0.029s] -- Configuring incomplete, errors occurred!
[0.029s] See also "/home/adam/Documents/tr-autonomy-2-AdamLevin7/src/opencv_demo/build/opencv_demo/CMakeFiles/CMakeOutput.log".
[0.032s] Invoked command in '/home/adam/Documents/tr-autonomy-2-AdamLevin7/src/opencv_demo/build/opencv_demo' returned '1': /usr/bin/cmake /home/adam/Documents/tr-autonomy-2-AdamLevin7/src/opencv_demo -DCMAKE_INSTALL_PREFIX=/home/adam/Documents/tr-autonomy-2-AdamLevin7/src/opencv_demo/install/opencv_demo
